<?xml version="1.0" encoding="UTF-8"?>
<!-- Generated by org.testng.reporters.JUnitReportReporter -->
<<<<<<< HEAD
<<<<<<< HEAD
<testsuite hostname="WKSP00075683" name="MAX.SeleniumHQJUNIT" tests="1" failures="0" timestamp="10 Feb 2017 11:45:57 GMT" time="6.912" errors="0">
  <testcase name="valid_UserCredential" time="6.912" classname="MAX.SeleniumHQJUNIT"/>
=======
<testsuite hostname="WKSP00075683" name="MAX.SeleniumHQJUNIT" tests="1" failures="0" timestamp="10 Feb 2017 07:03:46 GMT" time="12.160" errors="0">
  <testcase name="valid_UserCredential" time="12.160" classname="MAX.SeleniumHQJUNIT"/>
>>>>>>> f025131cc5ca40e461a7eb9e6a6985466531b32e
</testsuite> <!-- MAX.SeleniumHQJUNIT -->
=======
<testsuite hostname="WKSP00075683" name="MAX.SeleniumHQJUNIT" tests="1" failures="0" timestamp="10 Feb 2017 06:12:45 GMT" time="7.162" errors="0">
  <testcase name="valid_UserCredential" time="7.162" classname="MAX.SeleniumHQJUNIT"/>
</testsuite> <!-- MAX.SeleniumHQJUNIT -->
<<<<<<< HEAD
>>>>>>> refs/heads/master
=======
>>>>>>> 0a78c4ce50e83df98f64736efee78e323b659bfb
>>>>>>> f025131cc5ca40e461a7eb9e6a6985466531b32e
