<?xml version="1.0" encoding="UTF-8"?>
<!-- Generated by org.testng.reporters.JUnitReportReporter -->
<<<<<<< HEAD
<testsuite hostname="WKSP00075683" name="MAX.SeleniumHQ" tests="1" failures="0" timestamp="10 Feb 2017 07:03:46 GMT" time="1.567" errors="0">
  <testcase name="testEasy" time="1.567" classname="MAX.SeleniumHQ"/>
</testsuite> <!-- MAX.SeleniumHQ -->
=======
<testsuite hostname="WKSP00075683" name="MAX.SeleniumHQ" tests="1" failures="0" timestamp="10 Feb 2017 06:12:45 GMT" time="1.437" errors="0">
  <testcase name="testEasy" time="1.437" classname="MAX.SeleniumHQ"/>
</testsuite> <!-- MAX.SeleniumHQ -->
>>>>>>> 0a78c4ce50e83df98f64736efee78e323b659bfb
