<?xml version="1.0" encoding="UTF-8"?>
<!-- Generated by org.testng.reporters.JUnitReportReporter -->
<<<<<<< HEAD
<testsuite hostname="WKSP00075683" name="MAX.SeleniumHQ" tests="1" failures="0" timestamp="10 Feb 2017 11:45:57 GMT" time="1.584" errors="0">
  <testcase name="testEasy" time="1.584" classname="MAX.SeleniumHQ"/>
</testsuite> <!-- MAX.SeleniumHQ -->
=======
<testsuite hostname="WKSP00075683" name="MAX.SeleniumHQ" tests="1" failures="0" timestamp="10 Feb 2017 06:12:45 GMT" time="1.437" errors="0">
  <testcase name="testEasy" time="1.437" classname="MAX.SeleniumHQ"/>
</testsuite> <!-- MAX.SeleniumHQ -->
>>>>>>> refs/heads/master
