<?xml version="1.0" encoding="UTF-8"?>
<!-- Generated by org.testng.reporters.JUnitReportReporter -->
<testsuite hostname="WKSP00075683" name="MAX.SeleniumHQJUNIT" tests="1" failures="0" timestamp="10 Feb 2017 07:03:46 GMT" time="12.160" errors="0">
  <testcase name="valid_UserCredential" time="12.160" classname="MAX.SeleniumHQJUNIT"/>
</testsuite> <!-- MAX.SeleniumHQJUNIT -->
