<?xml version="1.0" encoding="UTF-8"?>
<!-- Generated by org.testng.reporters.JUnitReportReporter -->
<<<<<<< HEAD
<<<<<<< HEAD
<testsuite hostname="WKSP00075683" name="MAX.AppTest" tests="1" failures="0" timestamp="10 Feb 2017 11:45:57 GMT" time="0.003" errors="0">
=======
<testsuite hostname="WKSP00075683" name="MAX.AppTest" tests="1" failures="0" timestamp="10 Feb 2017 07:03:46 GMT" time="0.003" errors="0">
>>>>>>> f025131cc5ca40e461a7eb9e6a6985466531b32e
  <testcase name="testApp" time="0.003" classname="MAX.AppTest"/>
</testsuite> <!-- MAX.AppTest -->
=======
<testsuite hostname="WKSP00075683" name="MAX.AppTest" tests="1" failures="0" timestamp="10 Feb 2017 06:12:45 GMT" time="0.002" errors="0">
  <testcase name="testApp" time="0.002" classname="MAX.AppTest"/>
</testsuite> <!-- MAX.AppTest -->
<<<<<<< HEAD
>>>>>>> refs/heads/master
=======
>>>>>>> 0a78c4ce50e83df98f64736efee78e323b659bfb
>>>>>>> f025131cc5ca40e461a7eb9e6a6985466531b32e
