<?xml version="1.0" encoding="UTF-8"?>
<!-- Generated by org.testng.reporters.JUnitReportReporter -->
<<<<<<< HEAD
<testsuite hostname="WKSP00075683" name="MAX.AppTest" tests="1" failures="0" timestamp="10 Feb 2017 07:03:46 GMT" time="0.003" errors="0">
  <testcase name="testApp" time="0.003" classname="MAX.AppTest"/>
</testsuite> <!-- MAX.AppTest -->
=======
<testsuite hostname="WKSP00075683" name="MAX.AppTest" tests="1" failures="0" timestamp="10 Feb 2017 06:12:45 GMT" time="0.002" errors="0">
  <testcase name="testApp" time="0.002" classname="MAX.AppTest"/>
</testsuite> <!-- MAX.AppTest -->
>>>>>>> 0a78c4ce50e83df98f64736efee78e323b659bfb
