<?xml version="1.0" encoding="UTF-8"?>
<!-- Generated by org.testng.reporters.JUnitReportReporter -->
<testsuite hostname="WKSP00075683" name="MAX.SeleniumHQJUNIT" tests="1" failures="0" timestamp="10 Feb 2017 07:37:53 GMT" time="8.029" errors="0">
  <testcase name="valid_UserCredential" time="8.029" classname="MAX.SeleniumHQJUNIT"/>
</testsuite> <!-- MAX.SeleniumHQJUNIT -->
