<?xml version="1.0" encoding="UTF-8"?>
<!-- Generated by org.testng.reporters.JUnitReportReporter -->
<testsuite hostname="WKSP00075683" name="MAX.SeleniumHQ" tests="1" failures="0" timestamp="10 Feb 2017 09:09:10 GMT" time="1.558" errors="0">
  <testcase name="testEasy" time="1.558" classname="MAX.SeleniumHQ"/>
</testsuite> <!-- MAX.SeleniumHQ -->
