<?xml version="1.0" encoding="UTF-8"?>
<!-- Generated by org.testng.reporters.JUnitReportReporter -->
<testsuite hostname="WKSP00075683" name="MAX.AppTest" tests="1" failures="0" timestamp="10 Feb 2017 17:48:59 GMT" time="0.002" errors="0">
  <testcase name="testApp" time="0.002" classname="MAX.AppTest"/>
</testsuite> <!-- MAX.AppTest -->
